\BOOKMARK [0][-]{chapter.1}{\376\377\0001\000\040\000R\000E\000A\000D\000M\000E}{}% 1
\BOOKMARK [1][-]{subsection.1.0.1}{\376\377\0001\000.\0000\000.\0001\000\040\000P\000y\000t\000h\000o\000n\000\040\000I\000m\000p\000l\000e\000m\000e\000n\000t\000a\000t\000i\000o\000n}{chapter.1}% 2
\BOOKMARK [2][-]{subsection.1.0.2}{\376\377\0001\000.\0000\000.\0002\000\040\000T\000e\000s\000t\000i\000n\000g\000\040\000w\000i\000t\000h\000\040\000P\000y\000t\000e\000s\000t}{subsection.1.0.1}% 3
\BOOKMARK [2][-]{subsection.1.0.3}{\376\377\0001\000.\0000\000.\0003\000\040\000C\000i\000t\000a\000t\000i\000o\000n}{subsection.1.0.1}% 4
\BOOKMARK [0][-]{chapter.2}{\376\377\0002\000\040\000N\000a\000m\000e\000s\000p\000a\000c\000e\000\040\000I\000n\000d\000e\000x}{}% 5
\BOOKMARK [1][-]{section.2.1}{\376\377\0002\000.\0001\000\040\000P\000a\000c\000k\000a\000g\000e\000\040\000L\000i\000s\000t}{chapter.2}% 6
\BOOKMARK [0][-]{chapter.3}{\376\377\0003\000\040\000H\000i\000e\000r\000a\000r\000c\000h\000i\000c\000a\000l\000\040\000I\000n\000d\000e\000x}{}% 7
\BOOKMARK [1][-]{section.3.1}{\376\377\0003\000.\0001\000\040\000C\000l\000a\000s\000s\000\040\000H\000i\000e\000r\000a\000r\000c\000h\000y}{chapter.3}% 8
\BOOKMARK [0][-]{chapter.4}{\376\377\0004\000\040\000C\000l\000a\000s\000s\000\040\000I\000n\000d\000e\000x}{}% 9
\BOOKMARK [1][-]{section.4.1}{\376\377\0004\000.\0001\000\040\000C\000l\000a\000s\000s\000\040\000L\000i\000s\000t}{chapter.4}% 10
\BOOKMARK [0][-]{chapter.5}{\376\377\0005\000\040\000F\000i\000l\000e\000\040\000I\000n\000d\000e\000x}{}% 11
\BOOKMARK [1][-]{section.5.1}{\376\377\0005\000.\0001\000\040\000F\000i\000l\000e\000\040\000L\000i\000s\000t}{chapter.5}% 12
\BOOKMARK [0][-]{chapter.6}{\376\377\0006\000\040\000N\000a\000m\000e\000s\000p\000a\000c\000e\000\040\000D\000o\000c\000u\000m\000e\000n\000t\000a\000t\000i\000o\000n}{}% 13
\BOOKMARK [1][-]{section.6.1}{\376\377\0006\000.\0001\000\040\000c\000a\000l\000c\000C\000o\000n\000t\000o\000u\000r\000s\000B\000y\000T\000r\000i\000a\000n\000g\000u\000l\000a\000r\000P\000o\000t\000e\000n\000t\000i\000a\000l\000C\000u\000t\000s\000\040\000N\000a\000m\000e\000s\000p\000a\000c\000e\000\040\000R\000e\000f\000e\000r\000e\000n\000c\000e}{chapter.6}% 14
\BOOKMARK [2][-]{subsection.6.1.1}{\376\377\0006\000.\0001\000.\0001\000\040\000F\000u\000n\000c\000t\000i\000o\000n\000\040\000D\000o\000c\000u\000m\000e\000n\000t\000a\000t\000i\000o\000n}{section.6.1}% 15
\BOOKMARK [3][-]{subsubsection.6.1.1.1}{\376\377\0006\000.\0001\000.\0001\000.\0001\000\040\000c\000a\000l\000c\000C\000o\000n\000t\000o\000u\000r\000s\000B\000y\000T\000r\000i\000a\000n\000g\000l\000u\000a\000r\000P\000o\000t\000e\000n\000t\000i\000a\000l\000C\000u\000t\000s\000\050\000\051}{subsection.6.1.1}% 16
\BOOKMARK [3][-]{subsubsection.6.1.1.2}{\376\377\0006\000.\0001\000.\0001\000.\0002\000\040\000c\000h\000e\000c\000k\000I\000f\000P\000o\000s\000i\000t\000i\000o\000n\000s\000E\000l\000e\000m\000e\000n\000t\000I\000d\000e\000n\000t\000i\000c\000a\000l\000W\000i\000t\000h\000F\000i\000r\000s\000t\000L\000i\000s\000t\000\050\000\051}{subsection.6.1.1}% 17
\BOOKMARK [3][-]{subsubsection.6.1.1.3}{\376\377\0006\000.\0001\000.\0001\000.\0003\000\040\000g\000e\000t\000C\000u\000t\000D\000i\000s\000t\000a\000n\000c\000e\000s\000T\000o\000E\000d\000g\000e\000N\000o\000d\000e\000s\000\050\000\051}{subsection.6.1.1}% 18
\BOOKMARK [3][-]{subsubsection.6.1.1.4}{\376\377\0006\000.\0001\000.\0001\000.\0004\000\040\000g\000e\000t\000E\000d\000g\000e\000A\000t\000t\000a\000c\000h\000e\000d\000T\000r\000i\000a\000n\000g\000l\000e\000s\000\050\000\051}{subsection.6.1.1}% 19
\BOOKMARK [3][-]{subsubsection.6.1.1.5}{\376\377\0006\000.\0001\000.\0001\000.\0005\000\040\000g\000e\000t\000E\000d\000g\000e\000O\000p\000p\000o\000s\000e\000d\000N\000o\000d\000e\000\050\000\051}{subsection.6.1.1}% 20
\BOOKMARK [3][-]{subsubsection.6.1.1.6}{\376\377\0006\000.\0001\000.\0001\000.\0006\000\040\000g\000e\000t\000E\000d\000g\000e\000s\000\050\000\051}{subsection.6.1.1}% 21
\BOOKMARK [3][-]{subsubsection.6.1.1.7}{\376\377\0006\000.\0001\000.\0001\000.\0007\000\040\000g\000e\000t\000I\000n\000n\000e\000r\000E\000d\000e\000g\000T\000r\000i\000a\000n\000g\000l\000e\000N\000o\000d\000e\000s\000\050\000\051}{subsection.6.1.1}% 22
\BOOKMARK [3][-]{subsubsection.6.1.1.8}{\376\377\0006\000.\0001\000.\0001\000.\0008\000\040\000g\000e\000t\000I\000n\000n\000e\000r\000E\000d\000g\000e\000s\000\050\000\051}{subsection.6.1.1}% 23
\BOOKMARK [3][-]{subsubsection.6.1.1.9}{\376\377\0006\000.\0001\000.\0001\000.\0009\000\040\000g\000e\000t\000N\000u\000m\000A\000t\000t\000a\000c\000h\000e\000d\000T\000r\000i\000a\000n\000g\000l\000e\000s\000\050\000\051}{subsection.6.1.1}% 24
\BOOKMARK [3][-]{subsubsection.6.1.1.10}{\376\377\0006\000.\0001\000.\0001\000.\0001\0000\000\040\000g\000e\000t\000P\000o\000t\000e\000n\000t\000i\000a\000l\000C\000u\000t\000C\000r\000i\000t\000e\000r\000i\000a\000\050\000\051}{subsection.6.1.1}% 25
\BOOKMARK [3][-]{subsubsection.6.1.1.11}{\376\377\0006\000.\0001\000.\0001\000.\0001\0001\000\040\000g\000e\000t\000P\000o\000t\000e\000n\000t\000i\000a\000l\000S\000o\000r\000t\000e\000d\000C\000u\000t\000P\000o\000i\000n\000t\000s\000\050\000\051}{subsection.6.1.1}% 26
\BOOKMARK [3][-]{subsubsection.6.1.1.12}{\376\377\0006\000.\0001\000.\0001\000.\0001\0002\000\040\000g\000e\000t\000R\000a\000w\000U\000n\000a\000r\000r\000a\000n\000g\000e\000d\000L\000o\000o\000p\000s\000\050\000\051}{subsection.6.1.1}% 27
\BOOKMARK [3][-]{subsubsection.6.1.1.13}{\376\377\0006\000.\0001\000.\0001\000.\0001\0003\000\040\000g\000e\000t\000R\000a\000w\000U\000n\000s\000o\000r\000t\000e\000d\000P\000o\000i\000n\000t\000s\000\050\000\051}{subsection.6.1.1}% 28
\BOOKMARK [3][-]{subsubsection.6.1.1.14}{\376\377\0006\000.\0001\000.\0001\000.\0001\0004\000\040\000g\000e\000t\000u\000v\000C\000u\000t\000P\000o\000i\000n\000t\000s\000\050\000\051}{subsection.6.1.1}% 29
\BOOKMARK [3][-]{subsubsection.6.1.1.15}{\376\377\0006\000.\0001\000.\0001\000.\0001\0005\000\040\000r\000e\000m\000o\000v\000e\000T\000w\000o\000E\000l\000e\000m\000e\000n\000t\000s\000F\000r\000o\000m\000A\000r\000r\000a\000y\000\050\000\051}{subsection.6.1.1}% 30
\BOOKMARK [1][-]{section.6.2}{\376\377\0006\000.\0002\000\040\000c\000a\000l\000c\000P\000o\000t\000e\000n\000t\000i\000a\000l\000L\000e\000v\000e\000l\000s\000\040\000N\000a\000m\000e\000s\000p\000a\000c\000e\000\040\000R\000e\000f\000e\000r\000e\000n\000c\000e}{chapter.6}% 31
\BOOKMARK [2][-]{subsection.6.2.1}{\376\377\0006\000.\0002\000.\0001\000\040\000F\000u\000n\000c\000t\000i\000o\000n\000\040\000D\000o\000c\000u\000m\000e\000n\000t\000a\000t\000i\000o\000n}{section.6.2}% 32
\BOOKMARK [3][-]{subsubsection.6.2.1.1}{\376\377\0006\000.\0002\000.\0001\000.\0001\000\040\000c\000a\000l\000c\000P\000o\000t\000e\000n\000t\000i\000a\000l\000L\000e\000v\000e\000l\000s\000\050\000\051}{subsection.6.2.1}% 33
\BOOKMARK [1][-]{section.6.3}{\376\377\0006\000.\0003\000\040\000d\000e\000f\000i\000n\000e\000T\000a\000r\000g\000e\000t\000F\000i\000e\000l\000d\000\040\000N\000a\000m\000e\000s\000p\000a\000c\000e\000\040\000R\000e\000f\000e\000r\000e\000n\000c\000e}{chapter.6}% 34
\BOOKMARK [2][-]{subsection.6.3.1}{\376\377\0006\000.\0003\000.\0001\000\040\000F\000u\000n\000c\000t\000i\000o\000n\000\040\000D\000o\000c\000u\000m\000e\000n\000t\000a\000t\000i\000o\000n}{section.6.3}% 35
\BOOKMARK [3][-]{subsubsection.6.3.1.1}{\376\377\0006\000.\0003\000.\0001\000.\0001\000\040\000d\000i\000s\000t\000a\000n\000c\000e\000B\000e\000t\000w\000e\000e\000n\000P\000o\000i\000n\000t\000s\000\050\000\051}{subsection.6.3.1}% 36
\BOOKMARK [1][-]{section.6.4}{\376\377\0006\000.\0004\000\040\000m\000a\000i\000n\000\040\000N\000a\000m\000e\000s\000p\000a\000c\000e\000\040\000R\000e\000f\000e\000r\000e\000n\000c\000e}{chapter.6}% 37
\BOOKMARK [2][-]{subsection.6.4.1}{\376\377\0006\000.\0004\000.\0001\000\040\000V\000a\000r\000i\000a\000b\000l\000e\000\040\000D\000o\000c\000u\000m\000e\000n\000t\000a\000t\000i\000o\000n}{section.6.4}% 38
\BOOKMARK [3][-]{subsubsection.6.4.1.1}{\376\377\0006\000.\0004\000.\0001\000.\0001\000\040\000b\000F\000i\000e\000l\000d\000G\000e\000n\000e\000r\000a\000t\000e\000d\000B\000y\000O\000p\000t\000S\000F}{subsection.6.4.1}% 39
\BOOKMARK [3][-]{subsubsection.6.4.1.2}{\376\377\0006\000.\0004\000.\0001\000.\0002\000\040\000c\000o\000n\000d\000u\000c\000t\000e\000r\000T\000h\000i\000c\000k\000n\000e\000s\000s}{subsection.6.4.1}% 40
\BOOKMARK [3][-]{subsubsection.6.4.1.3}{\376\377\0006\000.\0004\000.\0001\000.\0003\000\040\000c\000o\000n\000t\000o\000u\000r}{subsection.6.4.1}% 41
\BOOKMARK [3][-]{subsubsection.6.4.1.4}{\376\377\0006\000.\0004\000.\0001\000.\0004\000\040\000c\000o\000n\000t\000o\000u\000r\000S\000t\000e\000p}{subsection.6.4.1}% 42
\BOOKMARK [3][-]{subsubsection.6.4.1.5}{\376\377\0006\000.\0004\000.\0001\000.\0005\000\040\000g\000a\000u\000s\000s\000O\000r\000d\000e\000r}{subsection.6.4.1}% 43
\BOOKMARK [3][-]{subsubsection.6.4.1.6}{\376\377\0006\000.\0004\000.\0001\000.\0006\000\040\000l\000e\000v\000e\000l\000O\000f\000f\000s\000e\000t}{subsection.6.4.1}% 44
\BOOKMARK [3][-]{subsubsection.6.4.1.7}{\376\377\0006\000.\0004\000.\0001\000.\0007\000\040\000m\000a\000t\000e\000r\000i\000a\000l\000F\000a\000c\000t\000o\000r}{subsection.6.4.1}% 45
\BOOKMARK [3][-]{subsubsection.6.4.1.8}{\376\377\0006\000.\0004\000.\0001\000.\0008\000\040\000M\000e\000s\000h}{subsection.6.4.1}% 46
\BOOKMARK [3][-]{subsubsection.6.4.1.9}{\376\377\0006\000.\0004\000.\0001\000.\0009\000\040\000m\000e\000s\000h\000F\000i\000l\000e}{subsection.6.4.1}% 47
\BOOKMARK [3][-]{subsubsection.6.4.1.10}{\376\377\0006\000.\0004\000.\0001\000.\0001\0000\000\040\000n\000u\000m\000L\000e\000v\000e\000l\000s}{subsection.6.4.1}% 48
\BOOKMARK [3][-]{subsubsection.6.4.1.11}{\376\377\0006\000.\0004\000.\0001\000.\0001\0001\000\040\000p\000o\000t\000e\000n\000t\000i\000a\000l\000L\000e\000v\000e\000l\000L\000i\000s\000t}{subsection.6.4.1}% 49
\BOOKMARK [3][-]{subsubsection.6.4.1.12}{\376\377\0006\000.\0004\000.\0001\000.\0001\0002\000\040\000r\000e\000s\000i\000s\000t\000a\000n\000c\000e\000M\000a\000t\000r\000i\000x}{subsection.6.4.1}% 50
\BOOKMARK [3][-]{subsubsection.6.4.1.13}{\376\377\0006\000.\0004\000.\0001\000.\0001\0003\000\040\000s\000e\000n\000s\000i\000t\000i\000v\000i\000t\000y\000M\000a\000t\000r\000i\000x}{subsection.6.4.1}% 51
\BOOKMARK [3][-]{subsubsection.6.4.1.14}{\376\377\0006\000.\0004\000.\0001\000.\0001\0004\000\040\000s\000p\000e\000c\000i\000f\000i\000c\000C\000o\000n\000d\000u\000c\000t\000i\000v\000i\000t\000y\000M\000a\000t\000e\000r\000i\000a\000l}{subsection.6.4.1}% 52
\BOOKMARK [3][-]{subsubsection.6.4.1.15}{\376\377\0006\000.\0004\000.\0001\000.\0001\0005\000\040\000s\000t\000r\000e\000a\000m\000F\000u\000n\000c\000t\000i\000o\000n}{subsection.6.4.1}% 53
\BOOKMARK [3][-]{subsubsection.6.4.1.16}{\376\377\0006\000.\0004\000.\0001\000.\0001\0006\000\040\000t\000a\000r\000g\000e\000t\000M\000e\000s\000h\000F\000i\000l\000e}{subsection.6.4.1}% 54
\BOOKMARK [3][-]{subsubsection.6.4.1.17}{\376\377\0006\000.\0004\000.\0001\000.\0001\0007\000\040\000T\000a\000r\000g\000e\000t\000S\000p\000h\000e\000r\000e}{subsection.6.4.1}% 55
\BOOKMARK [3][-]{subsubsection.6.4.1.18}{\376\377\0006\000.\0004\000.\0001\000.\0001\0008\000\040\000T\000e\000s\000t}{subsection.6.4.1}% 56
\BOOKMARK [3][-]{subsubsection.6.4.1.19}{\376\377\0006\000.\0004\000.\0001\000.\0001\0009\000\040\000t\000i\000k\000o\000n\000o\000v\000F\000a\000c}{subsection.6.4.1}% 57
\BOOKMARK [1][-]{section.6.5}{\376\377\0006\000.\0005\000\040\000r\000e\000a\000d\000M\000e\000s\000h\000\040\000N\000a\000m\000e\000s\000p\000a\000c\000e\000\040\000R\000e\000f\000e\000r\000e\000n\000c\000e}{chapter.6}% 58
\BOOKMARK [2][-]{subsection.6.5.1}{\376\377\0006\000.\0005\000.\0001\000\040\000F\000u\000n\000c\000t\000i\000o\000n\000\040\000D\000o\000c\000u\000m\000e\000n\000t\000a\000t\000i\000o\000n}{section.6.5}% 59
\BOOKMARK [3][-]{subsubsection.6.5.1.1}{\376\377\0006\000.\0005\000.\0001\000.\0001\000\040\000c\000a\000l\000c\000u\000l\000a\000t\000e\000N\000o\000r\000m\000a\000l\000\050\000\051}{subsection.6.5.1}% 60
\BOOKMARK [3][-]{subsubsection.6.5.1.2}{\376\377\0006\000.\0005\000.\0001\000.\0002\000\040\000c\000h\000e\000c\000k\000I\000f\000V\000e\000c\000I\000n\000V\000e\000c\000l\000i\000s\000t\000\050\000\051}{subsection.6.5.1}% 61
\BOOKMARK [3][-]{subsubsection.6.5.1.3}{\376\377\0006\000.\0005\000.\0001\000.\0003\000\040\000g\000e\000t\000M\000e\000s\000h\000F\000r\000o\000m\000S\000T\000L\000\050\000\051}{subsection.6.5.1}% 62
\BOOKMARK [3][-]{subsubsection.6.5.1.4}{\376\377\0006\000.\0005\000.\0001\000.\0004\000\040\000u\000p\000d\000a\000t\000e\000L\000i\000s\000t\000\050\000\051}{subsection.6.5.1}% 63
\BOOKMARK [1][-]{section.6.6}{\376\377\0006\000.\0006\000\040\000r\000e\000s\000i\000s\000t\000a\000n\000c\000e\000M\000a\000t\000r\000i\000x\000\040\000N\000a\000m\000e\000s\000p\000a\000c\000e\000\040\000R\000e\000f\000e\000r\000e\000n\000c\000e}{chapter.6}% 64
\BOOKMARK [2][-]{subsection.6.6.1}{\376\377\0006\000.\0006\000.\0001\000\040\000F\000u\000n\000c\000t\000i\000o\000n\000\040\000D\000o\000c\000u\000m\000e\000n\000t\000a\000t\000i\000o\000n}{section.6.6}% 65
\BOOKMARK [3][-]{subsubsection.6.6.1.1}{\376\377\0006\000.\0006\000.\0001\000.\0001\000\040\000c\000a\000l\000c\000u\000l\000a\000t\000e\000A\000r\000e\000a\000\050\000\051}{subsection.6.6.1}% 66
\BOOKMARK [3][-]{subsubsection.6.6.1.2}{\376\377\0006\000.\0006\000.\0001\000.\0002\000\040\000c\000a\000l\000c\000u\000l\000a\000t\000e\000C\000u\000r\000r\000e\000n\000t\000\050\000\051}{subsection.6.6.1}% 67
\BOOKMARK [3][-]{subsubsection.6.6.1.3}{\376\377\0006\000.\0006\000.\0001\000.\0003\000\040\000c\000o\000m\000p\000a\000r\000e\000M\000u\000l\000t\000i\000p\000l\000e\000E\000l\000e\000m\000e\000n\000t\000s\000B\000o\000o\000l\000e\000a\000n\000\050\000\051}{subsection.6.6.1}% 68
\BOOKMARK [3][-]{subsubsection.6.6.1.4}{\376\377\0006\000.\0006\000.\0001\000.\0004\000\040\000c\000o\000m\000p\000a\000r\000e\000M\000u\000l\000t\000i\000p\000l\000e\000E\000l\000e\000m\000e\000n\000t\000s\000B\000o\000o\000l\000e\000a\000n\000T\000e\000s\000t\000\050\000\051}{subsection.6.6.1}% 69
\BOOKMARK [3][-]{subsubsection.6.6.1.5}{\376\377\0006\000.\0006\000.\0001\000.\0005\000\040\000c\000r\000e\000a\000t\000e\000P\000r\000e\000v\000i\000o\000u\000s\000R\000e\000s\000i\000s\000t\000a\000n\000c\000e\000M\000a\000t\000\050\000\051}{subsection.6.6.1}% 70
\BOOKMARK [3][-]{subsubsection.6.6.1.6}{\376\377\0006\000.\0006\000.\0001\000.\0006\000\040\000e\000l\000e\000m\000e\000n\000t\000I\000n\000A\000a\000n\000d\000B\000\050\000\051}{subsection.6.6.1}% 71
\BOOKMARK [3][-]{subsubsection.6.6.1.7}{\376\377\0006\000.\0006\000.\0001\000.\0007\000\040\000e\000l\000e\000m\000e\000n\000t\000I\000n\000A\000r\000r\000a\000y\000\050\000\051}{subsection.6.6.1}% 72
\BOOKMARK [3][-]{subsubsection.6.6.1.8}{\376\377\0006\000.\0006\000.\0001\000.\0008\000\040\000f\000o\000r\000m\000F\000i\000n\000a\000l\000R\000e\000s\000i\000s\000t\000a\000n\000c\000e\000M\000a\000t\000\050\000\051}{subsection.6.6.1}% 73
\BOOKMARK [3][-]{subsubsection.6.6.1.9}{\376\377\0006\000.\0006\000.\0001\000.\0009\000\040\000g\000e\000t\000M\000a\000t\000E\000l\000e\000m\000e\000n\000t\000S\000h\000o\000u\000l\000d\000G\000e\000t\000V\000a\000l\000u\000e\000\050\000\051}{subsection.6.6.1}% 74
\BOOKMARK [3][-]{subsubsection.6.6.1.10}{\376\377\0006\000.\0006\000.\0001\000.\0001\0000\000\040\000g\000e\000t\000N\000e\000i\000g\000h\000b\000o\000u\000r\000h\000o\000o\000d\000M\000a\000t\000r\000i\000x\000\050\000\051}{subsection.6.6.1}% 75
\BOOKMARK [3][-]{subsubsection.6.6.1.11}{\376\377\0006\000.\0006\000.\0001\000.\0001\0001\000\040\000g\000e\000t\000P\000a\000r\000t\000n\000e\000r\000E\000l\000e\000m\000e\000n\000t\000\050\000\051}{subsection.6.6.1}% 76
\BOOKMARK [3][-]{subsubsection.6.6.1.12}{\376\377\0006\000.\0006\000.\0001\000.\0001\0002\000\040\000g\000e\000t\000R\000e\000s\000i\000s\000t\000a\000n\000c\000e\000M\000a\000t\000r\000i\000x\000\050\000\051}{subsection.6.6.1}% 77
\BOOKMARK [3][-]{subsubsection.6.6.1.13}{\376\377\0006\000.\0006\000.\0001\000.\0001\0003\000\040\000g\000e\000t\000R\000e\000s\000i\000s\000t\000a\000n\000c\000e\000S\000u\000m\000F\000o\000r\000D\000i\000f\000f\000e\000r\000e\000n\000t\000\050\000\051}{subsection.6.6.1}% 78
\BOOKMARK [3][-]{subsubsection.6.6.1.14}{\376\377\0006\000.\0006\000.\0001\000.\0001\0004\000\040\000g\000e\000t\000R\000e\000s\000i\000s\000t\000a\000n\000c\000e\000S\000u\000m\000F\000o\000r\000S\000a\000m\000e\000\050\000\051}{subsection.6.6.1}% 79
\BOOKMARK [3][-]{subsubsection.6.6.1.15}{\376\377\0006\000.\0006\000.\0001\000.\0001\0005\000\040\000g\000e\000t\000S\000p\000a\000t\000i\000a\000l\000D\000i\000s\000t\000a\000n\000c\000e\000s\000M\000a\000t\000r\000i\000x\000\050\000\051}{subsection.6.6.1}% 80
\BOOKMARK [1][-]{section.6.7}{\376\377\0006\000.\0007\000\040\000s\000e\000n\000s\000i\000t\000i\000v\000i\000t\000y\000M\000a\000t\000r\000i\000x\000\040\000N\000a\000m\000e\000s\000p\000a\000c\000e\000\040\000R\000e\000f\000e\000r\000e\000n\000c\000e}{chapter.6}% 81
\BOOKMARK [2][-]{subsection.6.7.1}{\376\377\0006\000.\0007\000.\0001\000\040\000F\000u\000n\000c\000t\000i\000o\000n\000\040\000D\000o\000c\000u\000m\000e\000n\000t\000a\000t\000i\000o\000n}{section.6.7}% 82
\BOOKMARK [3][-]{subsubsection.6.7.1.1}{\376\377\0006\000.\0007\000.\0001\000.\0001\000\040\000c\000a\000l\000c\000S\000e\000n\000s\000i\000t\000i\000v\000i\000t\000y\000M\000a\000t\000\050\000\051}{subsection.6.7.1}% 83
\BOOKMARK [3][-]{subsubsection.6.7.1.2}{\376\377\0006\000.\0007\000.\0001\000.\0002\000\040\000c\000a\000l\000c\000W\000e\000i\000g\000h\000t\000s\000G\000a\000u\000s\000s\000\050\000\051}{subsection.6.7.1}% 84
\BOOKMARK [3][-]{subsubsection.6.7.1.3}{\376\377\0006\000.\0007\000.\0001\000.\0003\000\040\000g\000a\000u\000s\000s\000L\000e\000g\000e\000n\000d\000r\000e\000I\000n\000t\000e\000g\000r\000a\000t\000i\000o\000n\000P\000o\000i\000n\000t\000s\000T\000r\000i\000a\000n\000g\000l\000e\000\050\000\051}{subsection.6.7.1}% 85
\BOOKMARK [3][-]{subsubsection.6.7.1.4}{\376\377\0006\000.\0007\000.\0001\000.\0004\000\040\000g\000e\000t\000S\000e\000n\000s\000i\000t\000i\000v\000i\000t\000y\000M\000a\000t\000r\000i\000x\000\050\000\051}{subsection.6.7.1}% 86
\BOOKMARK [1][-]{section.6.8}{\376\377\0006\000.\0008\000\040\000s\000h\000o\000w\000S\000T\000L\000M\000e\000s\000h\000\040\000N\000a\000m\000e\000s\000p\000a\000c\000e\000\040\000R\000e\000f\000e\000r\000e\000n\000c\000e}{chapter.6}% 87
\BOOKMARK [2][-]{subsection.6.8.1}{\376\377\0006\000.\0008\000.\0001\000\040\000F\000u\000n\000c\000t\000i\000o\000n\000\040\000D\000o\000c\000u\000m\000e\000n\000t\000a\000t\000i\000o\000n}{section.6.8}% 88
\BOOKMARK [3][-]{subsubsection.6.8.1.1}{\376\377\0006\000.\0008\000.\0001\000.\0001\000\040\000g\000e\000t\000M\000e\000s\000h\000\050\000\051}{subsection.6.8.1}% 89
\BOOKMARK [2][-]{subsection.6.8.2}{\376\377\0006\000.\0008\000.\0002\000\040\000V\000a\000r\000i\000a\000b\000l\000e\000\040\000D\000o\000c\000u\000m\000e\000n\000t\000a\000t\000i\000o\000n}{section.6.8}% 90
\BOOKMARK [3][-]{subsubsection.6.8.2.1}{\376\377\0006\000.\0008\000.\0002\000.\0001\000\040\000a\000x\000e\000s}{subsection.6.8.2}% 91
\BOOKMARK [3][-]{subsubsection.6.8.2.2}{\376\377\0006\000.\0008\000.\0002\000.\0002\000\040\000f\000i\000g\000u\000r\000e}{subsection.6.8.2}% 92
\BOOKMARK [3][-]{subsubsection.6.8.2.3}{\376\377\0006\000.\0008\000.\0002\000.\0003\000\040\000g\000i\000v\000e\000n\000M\000e\000s\000h}{subsection.6.8.2}% 93
\BOOKMARK [3][-]{subsubsection.6.8.2.4}{\376\377\0006\000.\0008\000.\0002\000.\0004\000\040\000s\000c\000a\000l\000e}{subsection.6.8.2}% 94
\BOOKMARK [3][-]{subsubsection.6.8.2.5}{\376\377\0006\000.\0008\000.\0002\000.\0005\000\040\000y\000o\000u\000r\000\137\000m\000e\000s\000h}{subsection.6.8.2}% 95
\BOOKMARK [1][-]{section.6.9}{\376\377\0006\000.\0009\000\040\000s\000t\000r\000e\000a\000m\000F\000u\000n\000c\000t\000i\000o\000n\000O\000p\000t\000i\000m\000i\000z\000a\000t\000i\000o\000n\000\040\000N\000a\000m\000e\000s\000p\000a\000c\000e\000\040\000R\000e\000f\000e\000r\000e\000n\000c\000e}{chapter.6}% 96
\BOOKMARK [2][-]{subsection.6.9.1}{\376\377\0006\000.\0009\000.\0001\000\040\000F\000u\000n\000c\000t\000i\000o\000n\000\040\000D\000o\000c\000u\000m\000e\000n\000t\000a\000t\000i\000o\000n}{section.6.9}% 97
\BOOKMARK [3][-]{subsubsection.6.9.1.1}{\376\377\0006\000.\0009\000.\0001\000.\0001\000\040\000a\000p\000p\000l\000y\000T\000i\000k\000o\000n\000o\000v\000R\000e\000g\000u\000l\000a\000r\000i\000s\000a\000t\000i\000o\000n\000\050\000\051}{subsection.6.9.1}% 98
\BOOKMARK [3][-]{subsubsection.6.9.1.2}{\376\377\0006\000.\0009\000.\0001\000.\0002\000\040\000g\000e\000t\000B\000o\000u\000n\000d\000a\000r\000y\000D\000e\000t\000a\000i\000l\000s\000\050\000\051}{subsection.6.9.1}% 99
\BOOKMARK [3][-]{subsubsection.6.9.1.3}{\376\377\0006\000.\0009\000.\0001\000.\0003\000\040\000g\000e\000t\000D\000i\000m\000T\000o\000R\000e\000d\000\050\000\051}{subsection.6.9.1}% 100
\BOOKMARK [3][-]{subsubsection.6.9.1.4}{\376\377\0006\000.\0009\000.\0001\000.\0004\000\040\000g\000e\000t\000N\000o\000t\000B\000o\000u\000n\000d\000a\000r\000y\000N\000o\000d\000e\000s\000\050\000\051}{subsection.6.9.1}% 101
\BOOKMARK [3][-]{subsubsection.6.9.1.5}{\376\377\0006\000.\0009\000.\0001\000.\0005\000\040\000g\000e\000t\000N\000u\000m\000N\000o\000d\000e\000s\000P\000e\000r\000B\000o\000u\000n\000d\000a\000r\000y\000\050\000\051}{subsection.6.9.1}% 102
\BOOKMARK [3][-]{subsubsection.6.9.1.6}{\376\377\0006\000.\0009\000.\0001\000.\0006\000\040\000g\000e\000t\000R\000e\000d\000u\000c\000e\000d\000M\000a\000t\000\050\000\051}{subsection.6.9.1}% 103
\BOOKMARK [3][-]{subsubsection.6.9.1.7}{\376\377\0006\000.\0009\000.\0001\000.\0007\000\040\000r\000e\000a\000r\000r\000a\000n\000g\000e\000R\000e\000d\000u\000c\000e\000d\000M\000a\000t\000\050\000\051}{subsection.6.9.1}% 104
\BOOKMARK [3][-]{subsubsection.6.9.1.8}{\376\377\0006\000.\0009\000.\0001\000.\0008\000\040\000r\000e\000d\000u\000c\000e\000M\000a\000t\000r\000i\000c\000e\000s\000F\000o\000r\000B\000o\000u\000n\000d\000a\000r\000y\000N\000o\000d\000e\000s\000\050\000\051}{subsection.6.9.1}% 105
\BOOKMARK [3][-]{subsubsection.6.9.1.9}{\376\377\0006\000.\0009\000.\0001\000.\0009\000\040\000r\000e\000e\000x\000p\000a\000n\000d\000S\000t\000e\000a\000m\000F\000u\000n\000c\000t\000i\000o\000n\000F\000o\000r\000B\000o\000u\000n\000d\000a\000r\000y\000N\000o\000d\000e\000s\000\050\000\051}{subsection.6.9.1}% 106
\BOOKMARK [3][-]{subsubsection.6.9.1.10}{\376\377\0006\000.\0009\000.\0001\000.\0001\0000\000\040\000s\000t\000r\000e\000a\000m\000F\000u\000n\000c\000t\000i\000o\000n\000O\000p\000t\000i\000m\000i\000z\000a\000t\000i\000o\000n\000\050\000\051}{subsection.6.9.1}% 107
\BOOKMARK [3][-]{subsubsection.6.9.1.11}{\376\377\0006\000.\0009\000.\0001\000.\0001\0001\000\040\000u\000p\000d\000a\000t\000e\000M\000e\000s\000h\000C\000u\000r\000r\000e\000n\000t\000D\000e\000n\000s\000i\000t\000y\000M\000e\000s\000h\000F\000a\000c\000e\000s\000\050\000\051}{subsection.6.9.1}% 108
\BOOKMARK [1][-]{section.6.10}{\376\377\0006\000.\0001\0000\000\040\000t\000e\000s\000t\000C\000a\000s\000e\000\040\000N\000a\000m\000e\000s\000p\000a\000c\000e\000\040\000R\000e\000f\000e\000r\000e\000n\000c\000e}{chapter.6}% 109
\BOOKMARK [2][-]{subsection.6.10.1}{\376\377\0006\000.\0001\0000\000.\0001\000\040\000F\000u\000n\000c\000t\000i\000o\000n\000\040\000D\000o\000c\000u\000m\000e\000n\000t\000a\000t\000i\000o\000n}{section.6.10}% 110
\BOOKMARK [3][-]{subsubsection.6.10.1.1}{\376\377\0006\000.\0001\0000\000.\0001\000.\0001\000\040\000m\000a\000i\000n\000\050\000\051}{subsection.6.10.1}% 111
\BOOKMARK [3][-]{subsubsection.6.10.1.2}{\376\377\0006\000.\0001\0000\000.\0001\000.\0002\000\040\000t\000e\000s\000t\000\137\000b\000F\000i\000e\000l\000d\000G\000e\000n\000e\000r\000a\000t\000e\000d\000B\000y\000O\000p\000t\000S\000F\000\050\000\051}{subsection.6.10.1}% 112
\BOOKMARK [3][-]{subsubsection.6.10.1.3}{\376\377\0006\000.\0001\0000\000.\0001\000.\0003\000\040\000t\000e\000s\000t\000\137\000f\000i\000n\000a\000l\000S\000F\000\050\000\051}{subsection.6.10.1}% 113
\BOOKMARK [3][-]{subsubsection.6.10.1.4}{\376\377\0006\000.\0001\0000\000.\0001\000.\0004\000\040\000t\000e\000s\000t\000\137\000g\000a\000u\000\337\000L\000e\000g\000e\000n\000d\000r\000e\000\050\000\051}{subsection.6.10.1}% 114
\BOOKMARK [3][-]{subsubsection.6.10.1.5}{\376\377\0006\000.\0001\0000\000.\0001\000.\0005\000\040\000t\000e\000s\000t\000\137\000m\000a\000t\000E\000l\000e\000m\000e\000n\000t\000s\000S\000h\000o\000u\000l\000d\000G\000e\000t\000V\000a\000l\000u\000e\000\050\000\051}{subsection.6.10.1}% 115
\BOOKMARK [3][-]{subsubsection.6.10.1.6}{\376\377\0006\000.\0001\0000\000.\0001\000.\0006\000\040\000t\000e\000s\000t\000\137\000r\000e\000d\000u\000c\000e\000d\000S\000F\000\050\000\051}{subsection.6.10.1}% 116
\BOOKMARK [3][-]{subsubsection.6.10.1.7}{\376\377\0006\000.\0001\0000\000.\0001\000.\0007\000\040\000t\000e\000s\000t\000\137\000W\000e\000i\000g\000h\000t\000s\000G\000a\000u\000s\000s\000\050\000\051}{subsection.6.10.1}% 117
\BOOKMARK [2][-]{subsection.6.10.2}{\376\377\0006\000.\0001\0000\000.\0002\000\040\000V\000a\000r\000i\000a\000b\000l\000e\000\040\000D\000o\000c\000u\000m\000e\000n\000t\000a\000t\000i\000o\000n}{section.6.10}% 118
\BOOKMARK [3][-]{subsubsection.6.10.2.1}{\376\377\0006\000.\0001\0000\000.\0002\000.\0001\000\040\000B\000F\000i\000e\000l\000d}{subsection.6.10.2}% 119
\BOOKMARK [3][-]{subsubsection.6.10.2.2}{\376\377\0006\000.\0001\0000\000.\0002\000.\0002\000\040\000b\000F\000i\000e\000l\000d\000C\000o\000r\000r\000e\000c\000t\000V\000a\000l\000u\000e}{subsection.6.10.2}% 120
\BOOKMARK [3][-]{subsubsection.6.10.2.3}{\376\377\0006\000.\0001\0000\000.\0002\000.\0003\000\040\000c\000a\000l\000c\000W\000e\000i\000g\000h\000t\000s\000G\000a\000u\000s\000s\000C\000o\000r\000r\000e\000c\000t}{subsection.6.10.2}% 121
\BOOKMARK [3][-]{subsubsection.6.10.2.4}{\376\377\0006\000.\0001\0000\000.\0002\000.\0004\000\040\000c\000o\000n\000d\000u\000c\000t\000e\000r\000T\000h\000i\000c\000k\000n\000e\000s\000s}{subsection.6.10.2}% 122
\BOOKMARK [3][-]{subsubsection.6.10.2.5}{\376\377\0006\000.\0001\0000\000.\0002\000.\0005\000\040\000g\000a\000u\000s\000s\000O\000r\000d\000e\000r}{subsection.6.10.2}% 123
\BOOKMARK [3][-]{subsubsection.6.10.2.6}{\376\377\0006\000.\0001\0000\000.\0002\000.\0006\000\040\000g\000a\000u\000\337\000L\000e\000g\000e\000n\000d\000r\000e\000C\000o\000r\000r\000e\000c\000t}{subsection.6.10.2}% 124
\BOOKMARK [3][-]{subsubsection.6.10.2.7}{\376\377\0006\000.\0001\0000\000.\0002\000.\0007\000\040\000m\000a\000t\000E\000l\000e\000m\000e\000n\000t\000s\000S\000h\000o\000u\000l\000d\000G\000e\000t\000V\000a\000l\000u\000e\000C\000o\000r\000r\000e\000c\000t}{subsection.6.10.2}% 125
\BOOKMARK [3][-]{subsubsection.6.10.2.8}{\376\377\0006\000.\0001\0000\000.\0002\000.\0008\000\040\000m\000a\000t\000e\000r\000i\000a\000l\000F\000a\000c\000t\000o\000r}{subsection.6.10.2}% 126
\BOOKMARK [3][-]{subsubsection.6.10.2.9}{\376\377\0006\000.\0001\0000\000.\0002\000.\0009\000\040\000M\000e\000s\000h}{subsection.6.10.2}% 127
\BOOKMARK [3][-]{subsubsection.6.10.2.10}{\376\377\0006\000.\0001\0000\000.\0002\000.\0001\0000\000\040\000m\000e\000s\000h\000F\000i\000l\000e}{subsection.6.10.2}% 128
\BOOKMARK [3][-]{subsubsection.6.10.2.11}{\376\377\0006\000.\0001\0000\000.\0002\000.\0001\0001\000\040\000r\000e\000d\000u\000c\000e\000d\000S\000F\000C\000o\000r\000r\000e\000c\000t}{subsection.6.10.2}% 129
\BOOKMARK [3][-]{subsubsection.6.10.2.12}{\376\377\0006\000.\0001\0000\000.\0002\000.\0001\0002\000\040\000r\000e\000s\000i\000s\000t\000a\000n\000c\000e\000M\000a\000t\000r\000i\000x}{subsection.6.10.2}% 130
\BOOKMARK [3][-]{subsubsection.6.10.2.13}{\376\377\0006\000.\0001\0000\000.\0002\000.\0001\0003\000\040\000s\000e\000n\000s\000i\000t\000i\000v\000i\000t\000y\000M\000a\000t\000r\000i\000x}{subsection.6.10.2}% 131
\BOOKMARK [3][-]{subsubsection.6.10.2.14}{\376\377\0006\000.\0001\0000\000.\0002\000.\0001\0004\000\040\000S\000F\000C\000o\000r\000r\000e\000c\000t\000V\000a\000l\000u\000e}{subsection.6.10.2}% 132
\BOOKMARK [3][-]{subsubsection.6.10.2.15}{\376\377\0006\000.\0001\0000\000.\0002\000.\0001\0005\000\040\000S\000F\000O\000p\000t}{subsection.6.10.2}% 133
\BOOKMARK [3][-]{subsubsection.6.10.2.16}{\376\377\0006\000.\0001\0000\000.\0002\000.\0001\0006\000\040\000s\000p\000e\000c\000i\000f\000i\000c\000C\000o\000n\000d\000u\000c\000t\000i\000v\000i\000t\000y\000M\000a\000t\000e\000r\000i\000a\000l}{subsection.6.10.2}% 134
\BOOKMARK [3][-]{subsubsection.6.10.2.17}{\376\377\0006\000.\0001\0000\000.\0002\000.\0001\0007\000\040\000t\000a\000r\000g\000e\000t\000M\000e\000s\000h\000F\000i\000l\000e}{subsection.6.10.2}% 135
\BOOKMARK [3][-]{subsubsection.6.10.2.18}{\376\377\0006\000.\0001\0000\000.\0002\000.\0001\0008\000\040\000T\000a\000r\000g\000e\000t\000S\000p\000h\000e\000r\000e}{subsection.6.10.2}% 136
\BOOKMARK [3][-]{subsubsection.6.10.2.19}{\376\377\0006\000.\0001\0000\000.\0002\000.\0001\0009\000\040\000T\000e\000s\000t}{subsection.6.10.2}% 137
\BOOKMARK [3][-]{subsubsection.6.10.2.20}{\376\377\0006\000.\0001\0000\000.\0002\000.\0002\0000\000\040\000t\000i\000k\000o\000n\000o\000v\000F\000a\000c}{subsection.6.10.2}% 138
\BOOKMARK [1][-]{section.6.11}{\376\377\0006\000.\0001\0001\000\040\000T\000e\000s\000t\000e\000r\000\040\000N\000a\000m\000e\000s\000p\000a\000c\000e\000\040\000R\000e\000f\000e\000r\000e\000n\000c\000e}{chapter.6}% 139
\BOOKMARK [0][-]{chapter.7}{\376\377\0007\000\040\000C\000l\000a\000s\000s\000\040\000D\000o\000c\000u\000m\000e\000n\000t\000a\000t\000i\000o\000n}{}% 140
\BOOKMARK [1][-]{section.7.1}{\376\377\0007\000.\0001\000\040\000r\000e\000a\000d\000M\000e\000s\000h\000.\000C\000y\000l\000i\000n\000d\000r\000i\000c\000M\000e\000s\000h\000\040\000C\000l\000a\000s\000s\000\040\000R\000e\000f\000e\000r\000e\000n\000c\000e}{chapter.7}% 141
\BOOKMARK [2][-]{subsection.7.1.1}{\376\377\0007\000.\0001\000.\0001\000\040\000D\000e\000t\000a\000i\000l\000e\000d\000\040\000D\000e\000s\000c\000r\000i\000p\000t\000i\000o\000n}{section.7.1}% 142
\BOOKMARK [2][-]{subsection.7.1.2}{\376\377\0007\000.\0001\000.\0002\000\040\000C\000o\000n\000s\000t\000r\000u\000c\000t\000o\000r\000\040\000\046\000\040\000D\000e\000s\000t\000r\000u\000c\000t\000o\000r\000\040\000D\000o\000c\000u\000m\000e\000n\000t\000a\000t\000i\000o\000n}{section.7.1}% 143
\BOOKMARK [3][-]{subsubsection.7.1.2.1}{\376\377\0007\000.\0001\000.\0002\000.\0001\000\040\000\137\000\137\000i\000n\000i\000t\000\137\000\137\000\050\000\051}{subsection.7.1.2}% 144
\BOOKMARK [2][-]{subsection.7.1.3}{\376\377\0007\000.\0001\000.\0003\000\040\000M\000e\000m\000b\000e\000r\000\040\000F\000u\000n\000c\000t\000i\000o\000n\000\040\000D\000o\000c\000u\000m\000e\000n\000t\000a\000t\000i\000o\000n}{section.7.1}% 145
\BOOKMARK [3][-]{subsubsection.7.1.3.1}{\376\377\0007\000.\0001\000.\0003\000.\0001\000\040\000a\000r\000r\000a\000n\000g\000e\000C\000i\000r\000c\000u\000l\000a\000r\000\050\000\051}{subsection.7.1.3}% 146
\BOOKMARK [3][-]{subsubsection.7.1.3.2}{\376\377\0007\000.\0001\000.\0003\000.\0002\000\040\000c\000a\000l\000c\0003\000D\000R\000o\000t\000M\000a\000t\000B\000y\000V\000e\000c\000\050\000\051}{subsection.7.1.3}% 147
\BOOKMARK [3][-]{subsubsection.7.1.3.3}{\376\377\0007\000.\0001\000.\0003\000.\0003\000\040\000c\000a\000l\000c\000R\000o\000t\000a\000t\000i\000o\000n\000V\000e\000c\000\050\000\051}{subsection.7.1.3}% 148
\BOOKMARK [3][-]{subsubsection.7.1.3.4}{\376\377\0007\000.\0001\000.\0003\000.\0004\000\040\000c\000h\000e\000c\000k\000I\000f\000B\000o\000u\000n\000d\000a\000r\000y\000\050\000\051}{subsection.7.1.3}% 149
\BOOKMARK [3][-]{subsubsection.7.1.3.5}{\376\377\0007\000.\0001\000.\0003\000.\0005\000\040\000c\000h\000e\000c\000k\000S\000t\000a\000r\000t\000T\000r\000i\000a\000n\000g\000l\000e\000\050\000\051}{subsection.7.1.3}% 150
\BOOKMARK [3][-]{subsubsection.7.1.3.6}{\376\377\0007\000.\0001\000.\0003\000.\0006\000\040\000c\000r\000e\000a\000t\000e\000O\000n\000e\000R\000i\000n\000g\000L\000i\000s\000t\000\050\000\051}{subsection.7.1.3}% 151
\BOOKMARK [3][-]{subsubsection.7.1.3.7}{\376\377\0007\000.\0001\000.\0003\000.\0007\000\040\000e\000n\000s\000u\000r\000e\000U\000n\000i\000f\000o\000r\000m\000O\000r\000i\000e\000n\000t\000a\000t\000i\000o\000n\000\050\000\051}{subsection.7.1.3}% 152
\BOOKMARK [3][-]{subsubsection.7.1.3.8}{\376\377\0007\000.\0001\000.\0003\000.\0008\000\040\000f\000i\000n\000d\000S\000t\000a\000r\000t\000I\000n\000B\000o\000u\000n\000d\000a\000r\000y\000C\000a\000s\000e\000\050\000\051}{subsection.7.1.3}% 153
\BOOKMARK [3][-]{subsubsection.7.1.3.9}{\376\377\0007\000.\0001\000.\0003\000.\0009\000\040\000g\000e\000t\0002\000D\000c\000o\000o\000r\000d\000i\000n\000a\000t\000e\000s\000\050\000\051}{subsection.7.1.3}% 154
\BOOKMARK [3][-]{subsubsection.7.1.3.10}{\376\377\0007\000.\0001\000.\0003\000.\0001\0000\000\040\000g\000e\000t\000A\000r\000e\000a\000s\000\050\000\051}{subsection.7.1.3}% 155
\BOOKMARK [3][-]{subsubsection.7.1.3.11}{\376\377\0007\000.\0001\000.\0003\000.\0001\0001\000\040\000g\000e\000t\000B\000o\000u\000n\000d\000a\000r\000y\000E\000d\000g\000e\000s\000\050\000\051}{subsection.7.1.3}% 156
\BOOKMARK [3][-]{subsubsection.7.1.3.12}{\376\377\0007\000.\0001\000.\0003\000.\0001\0002\000\040\000g\000e\000t\000B\000o\000u\000n\000d\000a\000r\000y\000L\000o\000o\000p\000N\000o\000d\000e\000s\000\050\000\051}{subsection.7.1.3}% 157
\BOOKMARK [3][-]{subsubsection.7.1.3.13}{\376\377\0007\000.\0001\000.\0003\000.\0001\0003\000\040\000g\000e\000t\000C\000u\000r\000r\000e\000n\000t\000\050\000\051}{subsection.7.1.3}% 158
\BOOKMARK [3][-]{subsubsection.7.1.3.14}{\376\377\0007\000.\0001\000.\0003\000.\0001\0004\000\040\000g\000e\000t\000N\000e\000i\000g\000h\000b\000o\000u\000r\000A\000r\000e\000a\000s\000\050\000\051}{subsection.7.1.3}% 159
\BOOKMARK [3][-]{subsubsection.7.1.3.15}{\376\377\0007\000.\0001\000.\0003\000.\0001\0005\000\040\000g\000e\000t\000N\000e\000i\000g\000h\000b\000o\000u\000r\000C\000u\000r\000r\000e\000n\000t\000s\000\050\000\051}{subsection.7.1.3}% 160
\BOOKMARK [3][-]{subsubsection.7.1.3.16}{\376\377\0007\000.\0001\000.\0003\000.\0001\0006\000\040\000g\000e\000t\000N\000e\000i\000g\000h\000b\000o\000u\000r\000C\000u\000r\000r\000e\000n\000t\000s\000U\000n\000s\000o\000r\000t\000e\000d\000\050\000\051}{subsection.7.1.3}% 161
\BOOKMARK [3][-]{subsubsection.7.1.3.17}{\376\377\0007\000.\0001\000.\0003\000.\0001\0007\000\040\000g\000e\000t\000N\000e\000i\000g\000h\000b\000o\000u\000r\000T\000r\000i\000a\000n\000g\000l\000e\000I\000n\000d\000i\000c\000e\000s\000\050\000\051}{subsection.7.1.3}% 162
\BOOKMARK [3][-]{subsubsection.7.1.3.18}{\376\377\0007\000.\0001\000.\0003\000.\0001\0008\000\040\000g\000e\000t\000N\000o\000r\000m\000a\000l\000s\000\050\000\051}{subsection.7.1.3}% 163
\BOOKMARK [3][-]{subsubsection.7.1.3.19}{\376\377\0007\000.\0001\000.\0003\000.\0001\0009\000\040\000g\000e\000t\000O\000n\000e\000R\000i\000n\000g\000L\000i\000s\000t\000\050\000\051}{subsection.7.1.3}% 164
\BOOKMARK [3][-]{subsubsection.7.1.3.20}{\376\377\0007\000.\0001\000.\0003\000.\0002\0000\000\040\000g\000e\000t\000O\000p\000e\000n\000B\000o\000u\000n\000d\000a\000r\000i\000e\000s\000\050\000\051}{subsection.7.1.3}% 165
\BOOKMARK [3][-]{subsubsection.7.1.3.21}{\376\377\0007\000.\0001\000.\0003\000.\0002\0001\000\040\000g\000e\000t\000R\000o\000t\000a\000t\000e\000d\000C\000o\000p\000y\000\050\000\051}{subsection.7.1.3}% 166
\BOOKMARK [3][-]{subsubsection.7.1.3.22}{\376\377\0007\000.\0001\000.\0003\000.\0002\0002\000\040\000g\000e\000t\000R\000o\000t\000a\000t\000e\000d\000V\000e\000r\000t\000i\000c\000e\000s\000\050\000\051}{subsection.7.1.3}% 167
\BOOKMARK [3][-]{subsubsection.7.1.3.23}{\376\377\0007\000.\0001\000.\0003\000.\0002\0003\000\040\000g\000e\000t\000V\000e\000r\000t\000e\000x\000N\000o\000r\000m\000a\000l\000s\000\050\000\051}{subsection.7.1.3}% 168
\BOOKMARK [3][-]{subsubsection.7.1.3.24}{\376\377\0007\000.\0001\000.\0003\000.\0002\0004\000\040\000o\000r\000d\000e\000r\000E\000l\000e\000m\000e\000n\000t\000s\000I\000n\000C\000i\000r\000c\000u\000l\000a\000r\000A\000r\000a\000n\000g\000e\000m\000e\000n\000t\000\050\000\051}{subsection.7.1.3}% 169
\BOOKMARK [3][-]{subsubsection.7.1.3.25}{\376\377\0007\000.\0001\000.\0003\000.\0002\0005\000\040\000r\000e\000m\000o\000v\000e\000D\000o\000u\000b\000l\000e\000E\000d\000g\000e\000s\000\050\000\051}{subsection.7.1.3}% 170
\BOOKMARK [3][-]{subsubsection.7.1.3.26}{\376\377\0007\000.\0001\000.\0003\000.\0002\0006\000\040\000t\000u\000r\000n\000A\000n\000s\000S\000o\000r\000t\000E\000l\000e\000m\000e\000n\000t\000s\000\050\000\051}{subsection.7.1.3}% 171
\BOOKMARK [2][-]{subsection.7.1.4}{\376\377\0007\000.\0001\000.\0004\000\040\000M\000e\000m\000b\000e\000r\000\040\000D\000a\000t\000a\000\040\000D\000o\000c\000u\000m\000e\000n\000t\000a\000t\000i\000o\000n}{section.7.1}% 172
\BOOKMARK [3][-]{subsubsection.7.1.4.1}{\376\377\0007\000.\0001\000.\0004\000.\0001\000\040\000a\000r\000e\000a\000s}{subsection.7.1.4}% 173
\BOOKMARK [3][-]{subsubsection.7.1.4.2}{\376\377\0007\000.\0001\000.\0004\000.\0002\000\040\000b\000o\000u\000n\000d\000a\000r\000y}{subsection.7.1.4}% 174
\BOOKMARK [3][-]{subsubsection.7.1.4.3}{\376\377\0007\000.\0001\000.\0004\000.\0003\000\040\000c\000u\000r\000r\000e\000n\000t}{subsection.7.1.4}% 175
\BOOKMARK [3][-]{subsubsection.7.1.4.4}{\376\377\0007\000.\0001\000.\0004\000.\0004\000\040\000c\000u\000r\000r\000e\000n\000t\000D\000e\000n\000s\000i\000t\000y\000F\000a\000c\000e\000s}{subsection.7.1.4}% 176
\BOOKMARK [3][-]{subsubsection.7.1.4.5}{\376\377\0007\000.\0001\000.\0004\000.\0005\000\040\000f\000a\000c\000e\000s}{subsection.7.1.4}% 177
\BOOKMARK [3][-]{subsubsection.7.1.4.6}{\376\377\0007\000.\0001\000.\0004\000.\0006\000\040\000n\000e\000i\000g\000h\000b\000o\000u\000r\000a\000r\000e\000a\000s}{subsection.7.1.4}% 178
\BOOKMARK [3][-]{subsubsection.7.1.4.7}{\376\377\0007\000.\0001\000.\0004\000.\0007\000\040\000n\000e\000i\000g\000h\000b\000o\000u\000r\000c\000u\000r\000r\000e\000n\000t\000s}{subsection.7.1.4}% 179
\BOOKMARK [3][-]{subsubsection.7.1.4.8}{\376\377\0007\000.\0001\000.\0004\000.\0008\000\040\000n\000e\000i\000g\000h\000b\000o\000u\000r\000c\000u\000r\000r\000e\000n\000t\000U\000n\000s\000o\000r\000t\000e\000d}{subsection.7.1.4}% 180
\BOOKMARK [3][-]{subsubsection.7.1.4.9}{\376\377\0007\000.\0001\000.\0004\000.\0009\000\040\000n\000e\000i\000g\000h\000b\000o\000u\000r\000s}{subsection.7.1.4}% 181
\BOOKMARK [3][-]{subsubsection.7.1.4.10}{\376\377\0007\000.\0001\000.\0004\000.\0001\0000\000\040\000n\000o\000r\000m\000a\000l\000s}{subsection.7.1.4}% 182
\BOOKMARK [3][-]{subsubsection.7.1.4.11}{\376\377\0007\000.\0001\000.\0004\000.\0001\0001\000\040\000o\000n\000e\000R\000i\000n\000g\000L\000i\000s\000t}{subsection.7.1.4}% 183
\BOOKMARK [3][-]{subsubsection.7.1.4.12}{\376\377\0007\000.\0001\000.\0004\000.\0001\0002\000\040\000o\000p\000e\000n\000B\000o\000u\000n\000d\000a\000r\000i\000e\000s}{subsection.7.1.4}% 184
\BOOKMARK [3][-]{subsubsection.7.1.4.13}{\376\377\0007\000.\0001\000.\0004\000.\0001\0003\000\040\000r\000o\000t\000a\000t\000e\000d\000C\000a\000y\000l\000i\000n\000d\000e\000r}{subsection.7.1.4}% 185
\BOOKMARK [3][-]{subsubsection.7.1.4.14}{\376\377\0007\000.\0001\000.\0004\000.\0001\0004\000\040\000v}{subsection.7.1.4}% 186
\BOOKMARK [3][-]{subsubsection.7.1.4.15}{\376\377\0007\000.\0001\000.\0004\000.\0001\0005\000\040\000v\000e\000r\000t\000e\000x\000N\000o\000r\000m\000a\000l\000s}{subsection.7.1.4}% 187
\BOOKMARK [3][-]{subsubsection.7.1.4.16}{\376\377\0007\000.\0001\000.\0004\000.\0001\0006\000\040\000v\000e\000r\000t\000i\000c\000e\000s}{subsection.7.1.4}% 188
\BOOKMARK [1][-]{section.7.2}{\376\377\0007\000.\0002\000\040\000r\000e\000a\000d\000M\000e\000s\000h\000.\000C\000y\000l\000i\000n\000d\000r\000i\000c\000M\000e\000s\000h\000G\000i\000v\000e\000n\000\040\000C\000l\000a\000s\000s\000\040\000R\000e\000f\000e\000r\000e\000n\000c\000e}{chapter.7}% 189
\BOOKMARK [2][-]{subsection.7.2.1}{\376\377\0007\000.\0002\000.\0001\000\040\000D\000e\000t\000a\000i\000l\000e\000d\000\040\000D\000e\000s\000c\000r\000i\000p\000t\000i\000o\000n}{section.7.2}% 190
\BOOKMARK [2][-]{subsection.7.2.2}{\376\377\0007\000.\0002\000.\0002\000\040\000C\000o\000n\000s\000t\000r\000u\000c\000t\000o\000r\000\040\000\046\000\040\000D\000e\000s\000t\000r\000u\000c\000t\000o\000r\000\040\000D\000o\000c\000u\000m\000e\000n\000t\000a\000t\000i\000o\000n}{section.7.2}% 191
\BOOKMARK [3][-]{subsubsection.7.2.2.1}{\376\377\0007\000.\0002\000.\0002\000.\0001\000\040\000\137\000\137\000i\000n\000i\000t\000\137\000\137\000\050\000\051}{subsection.7.2.2}% 192
\BOOKMARK [2][-]{subsection.7.2.3}{\376\377\0007\000.\0002\000.\0003\000\040\000M\000e\000m\000b\000e\000r\000\040\000D\000a\000t\000a\000\040\000D\000o\000c\000u\000m\000e\000n\000t\000a\000t\000i\000o\000n}{section.7.2}% 193
\BOOKMARK [3][-]{subsubsection.7.2.3.1}{\376\377\0007\000.\0002\000.\0003\000.\0001\000\040\000a\000r\000e\000a\000s}{subsection.7.2.3}% 194
\BOOKMARK [3][-]{subsubsection.7.2.3.2}{\376\377\0007\000.\0002\000.\0003\000.\0002\000\040\000b\000o\000u\000n\000d\000a\000r\000y}{subsection.7.2.3}% 195
\BOOKMARK [3][-]{subsubsection.7.2.3.3}{\376\377\0007\000.\0002\000.\0003\000.\0003\000\040\000c\000u\000r\000r\000e\000n\000t}{subsection.7.2.3}% 196
\BOOKMARK [3][-]{subsubsection.7.2.3.4}{\376\377\0007\000.\0002\000.\0003\000.\0004\000\040\000c\000u\000r\000r\000e\000n\000t\000D\000e\000n\000s\000i\000t\000y\000F\000a\000c\000e\000s}{subsection.7.2.3}% 197
\BOOKMARK [3][-]{subsubsection.7.2.3.5}{\376\377\0007\000.\0002\000.\0003\000.\0005\000\040\000f\000a\000c\000e\000s}{subsection.7.2.3}% 198
\BOOKMARK [3][-]{subsubsection.7.2.3.6}{\376\377\0007\000.\0002\000.\0003\000.\0006\000\040\000n\000e\000i\000g\000h\000b\000o\000u\000r\000a\000r\000e\000a\000s}{subsection.7.2.3}% 199
\BOOKMARK [3][-]{subsubsection.7.2.3.7}{\376\377\0007\000.\0002\000.\0003\000.\0007\000\040\000n\000e\000i\000g\000h\000b\000o\000u\000r\000c\000u\000r\000r\000e\000n\000t\000s}{subsection.7.2.3}% 200
\BOOKMARK [3][-]{subsubsection.7.2.3.8}{\376\377\0007\000.\0002\000.\0003\000.\0008\000\040\000n\000e\000i\000g\000h\000b\000o\000u\000r\000c\000u\000r\000r\000e\000n\000t\000U\000n\000s\000o\000r\000t\000e\000d}{subsection.7.2.3}% 201
\BOOKMARK [3][-]{subsubsection.7.2.3.9}{\376\377\0007\000.\0002\000.\0003\000.\0009\000\040\000n\000e\000i\000g\000h\000b\000o\000u\000r\000s}{subsection.7.2.3}% 202
\BOOKMARK [3][-]{subsubsection.7.2.3.10}{\376\377\0007\000.\0002\000.\0003\000.\0001\0000\000\040\000n\000o\000r\000m\000a\000l\000s}{subsection.7.2.3}% 203
\BOOKMARK [3][-]{subsubsection.7.2.3.11}{\376\377\0007\000.\0002\000.\0003\000.\0001\0001\000\040\000o\000n\000e\000R\000i\000n\000g\000L\000i\000s\000t}{subsection.7.2.3}% 204
\BOOKMARK [3][-]{subsubsection.7.2.3.12}{\376\377\0007\000.\0002\000.\0003\000.\0001\0002\000\040\000o\000p\000e\000n\000B\000o\000u\000n\000d\000a\000r\000i\000e\000s}{subsection.7.2.3}% 205
\BOOKMARK [3][-]{subsubsection.7.2.3.13}{\376\377\0007\000.\0002\000.\0003\000.\0001\0003\000\040\000r\000o\000t\000a\000t\000e\000d\000C\000a\000y\000l\000i\000n\000d\000e\000r}{subsection.7.2.3}% 206
\BOOKMARK [3][-]{subsubsection.7.2.3.14}{\376\377\0007\000.\0002\000.\0003\000.\0001\0004\000\040\000v}{subsection.7.2.3}% 207
\BOOKMARK [3][-]{subsubsection.7.2.3.15}{\376\377\0007\000.\0002\000.\0003\000.\0001\0005\000\040\000v\000e\000r\000t\000e\000x\000N\000o\000r\000m\000a\000l\000s}{subsection.7.2.3}% 208
\BOOKMARK [3][-]{subsubsection.7.2.3.16}{\376\377\0007\000.\0002\000.\0003\000.\0001\0006\000\040\000v\000e\000r\000t\000i\000c\000e\000s}{subsection.7.2.3}% 209
\BOOKMARK [1][-]{section.7.3}{\376\377\0007\000.\0003\000\040\000s\000h\000o\000w\000S\000T\000L\000M\000e\000s\000h\000.\000C\000y\000l\000i\000n\000d\000r\000i\000c\000M\000e\000s\000h\000G\000i\000v\000e\000n\000\040\000C\000l\000a\000s\000s\000\040\000R\000e\000f\000e\000r\000e\000n\000c\000e}{chapter.7}% 210
\BOOKMARK [2][-]{subsection.7.3.1}{\376\377\0007\000.\0003\000.\0001\000\040\000D\000e\000t\000a\000i\000l\000e\000d\000\040\000D\000e\000s\000c\000r\000i\000p\000t\000i\000o\000n}{section.7.3}% 211
\BOOKMARK [2][-]{subsection.7.3.2}{\376\377\0007\000.\0003\000.\0002\000\040\000C\000o\000n\000s\000t\000r\000u\000c\000t\000o\000r\000\040\000\046\000\040\000D\000e\000s\000t\000r\000u\000c\000t\000o\000r\000\040\000D\000o\000c\000u\000m\000e\000n\000t\000a\000t\000i\000o\000n}{section.7.3}% 212
\BOOKMARK [3][-]{subsubsection.7.3.2.1}{\376\377\0007\000.\0003\000.\0002\000.\0001\000\040\000\137\000\137\000i\000n\000i\000t\000\137\000\137\000\050\000\051}{subsection.7.3.2}% 213
\BOOKMARK [2][-]{subsection.7.3.3}{\376\377\0007\000.\0003\000.\0003\000\040\000M\000e\000m\000b\000e\000r\000\040\000D\000a\000t\000a\000\040\000D\000o\000c\000u\000m\000e\000n\000t\000a\000t\000i\000o\000n}{section.7.3}% 214
\BOOKMARK [3][-]{subsubsection.7.3.3.1}{\376\377\0007\000.\0003\000.\0003\000.\0001\000\040\000v\000e\000r\000t\000i\000c\000e\000s}{subsection.7.3.3}% 215
\BOOKMARK [1][-]{section.7.4}{\376\377\0007\000.\0004\000\040\000d\000e\000f\000i\000n\000e\000T\000a\000r\000g\000e\000t\000F\000i\000e\000l\000d\000.\000T\000a\000r\000g\000e\000t\000F\000i\000e\000l\000d\000\040\000C\000l\000a\000s\000s\000\040\000R\000e\000f\000e\000r\000e\000n\000c\000e}{chapter.7}% 216
\BOOKMARK [2][-]{subsection.7.4.1}{\376\377\0007\000.\0004\000.\0001\000\040\000D\000e\000t\000a\000i\000l\000e\000d\000\040\000D\000e\000s\000c\000r\000i\000p\000t\000i\000o\000n}{section.7.4}% 217
\BOOKMARK [2][-]{subsection.7.4.2}{\376\377\0007\000.\0004\000.\0002\000\040\000C\000o\000n\000s\000t\000r\000u\000c\000t\000o\000r\000\040\000\046\000\040\000D\000e\000s\000t\000r\000u\000c\000t\000o\000r\000\040\000D\000o\000c\000u\000m\000e\000n\000t\000a\000t\000i\000o\000n}{section.7.4}% 218
\BOOKMARK [3][-]{subsubsection.7.4.2.1}{\376\377\0007\000.\0004\000.\0002\000.\0001\000\040\000\137\000\137\000i\000n\000i\000t\000\137\000\137\000\050\000\051}{subsection.7.4.2}% 219
\BOOKMARK [2][-]{subsection.7.4.3}{\376\377\0007\000.\0004\000.\0003\000\040\000M\000e\000m\000b\000e\000r\000\040\000F\000u\000n\000c\000t\000i\000o\000n\000\040\000D\000o\000c\000u\000m\000e\000n\000t\000a\000t\000i\000o\000n}{section.7.4}% 220
\BOOKMARK [3][-]{subsubsection.7.4.3.1}{\376\377\0007\000.\0004\000.\0003\000.\0001\000\040\000g\000e\000t\000M\000a\000g\000n\000e\000t\000i\000c\000F\000i\000e\000l\000d\000V\000a\000l\000u\000e\000s\000\050\000\051}{subsection.7.4.3}% 221
\BOOKMARK [3][-]{subsubsection.7.4.3.2}{\376\377\0007\000.\0004\000.\0003\000.\0002\000\040\000g\000e\000t\000T\000a\000r\000g\000e\000t\000P\000o\000i\000n\000t\000s\000\050\000\051}{subsection.7.4.3}% 222
\BOOKMARK [2][-]{subsection.7.4.4}{\376\377\0007\000.\0004\000.\0004\000\040\000M\000e\000m\000b\000e\000r\000\040\000D\000a\000t\000a\000\040\000D\000o\000c\000u\000m\000e\000n\000t\000a\000t\000i\000o\000n}{section.7.4}% 223
\BOOKMARK [3][-]{subsubsection.7.4.4.1}{\376\377\0007\000.\0004\000.\0004\000.\0001\000\040\000c\000e\000n\000t\000e\000r}{subsection.7.4.4}% 224
\BOOKMARK [3][-]{subsubsection.7.4.4.2}{\376\377\0007\000.\0004\000.\0004\000.\0002\000\040\000f\000i\000e\000l\000d\000V\000a\000l\000u\000e\000s}{subsection.7.4.4}% 225
\BOOKMARK [3][-]{subsubsection.7.4.4.3}{\376\377\0007\000.\0004\000.\0004\000.\0003\000\040\000r\000a\000d\000i\000u\000s}{subsection.7.4.4}% 226
\BOOKMARK [3][-]{subsubsection.7.4.4.4}{\376\377\0007\000.\0004\000.\0004\000.\0004\000\040\000v\000e\000r\000t\000i\000c\000e\000s}{subsection.7.4.4}% 227
\BOOKMARK [1][-]{section.7.5}{\376\377\0007\000.\0005\000\040\000d\000e\000f\000i\000n\000e\000T\000a\000r\000g\000e\000t\000F\000i\000e\000l\000d\000.\000T\000a\000r\000g\000e\000t\000F\000i\000e\000l\000d\000G\000i\000v\000e\000n\000\040\000C\000l\000a\000s\000s\000\040\000R\000e\000f\000e\000r\000e\000n\000c\000e}{chapter.7}% 228
\BOOKMARK [2][-]{subsection.7.5.1}{\376\377\0007\000.\0005\000.\0001\000\040\000D\000e\000t\000a\000i\000l\000e\000d\000\040\000D\000e\000s\000c\000r\000i\000p\000t\000i\000o\000n}{section.7.5}% 229
\BOOKMARK [2][-]{subsection.7.5.2}{\376\377\0007\000.\0005\000.\0002\000\040\000C\000o\000n\000s\000t\000r\000u\000c\000t\000o\000r\000\040\000\046\000\040\000D\000e\000s\000t\000r\000u\000c\000t\000o\000r\000\040\000D\000o\000c\000u\000m\000e\000n\000t\000a\000t\000i\000o\000n}{section.7.5}% 230
\BOOKMARK [3][-]{subsubsection.7.5.2.1}{\376\377\0007\000.\0005\000.\0002\000.\0001\000\040\000\137\000\137\000i\000n\000i\000t\000\137\000\137\000\050\000\051}{subsection.7.5.2}% 231
\BOOKMARK [2][-]{subsection.7.5.3}{\376\377\0007\000.\0005\000.\0003\000\040\000M\000e\000m\000b\000e\000r\000\040\000D\000a\000t\000a\000\040\000D\000o\000c\000u\000m\000e\000n\000t\000a\000t\000i\000o\000n}{section.7.5}% 232
\BOOKMARK [3][-]{subsubsection.7.5.3.1}{\376\377\0007\000.\0005\000.\0003\000.\0001\000\040\000f\000a\000c\000e\000s}{subsection.7.5.3}% 233
\BOOKMARK [3][-]{subsubsection.7.5.3.2}{\376\377\0007\000.\0005\000.\0003\000.\0002\000\040\000f\000i\000e\000l\000d\000V\000a\000l\000u\000e\000s}{subsection.7.5.3}% 234
\BOOKMARK [1][-]{section.7.6}{\376\377\0007\000.\0006\000\040\000T\000e\000s\000t\000e\000r\000.\000T\000e\000s\000t\000e\000r\000\040\000C\000l\000a\000s\000s\000\040\000R\000e\000f\000e\000r\000e\000n\000c\000e}{chapter.7}% 235
\BOOKMARK [2][-]{subsection.7.6.1}{\376\377\0007\000.\0006\000.\0001\000\040\000D\000e\000t\000a\000i\000l\000e\000d\000\040\000D\000e\000s\000c\000r\000i\000p\000t\000i\000o\000n}{section.7.6}% 236
\BOOKMARK [2][-]{subsection.7.6.2}{\376\377\0007\000.\0006\000.\0002\000\040\000C\000o\000n\000s\000t\000r\000u\000c\000t\000o\000r\000\040\000\046\000\040\000D\000e\000s\000t\000r\000u\000c\000t\000o\000r\000\040\000D\000o\000c\000u\000m\000e\000n\000t\000a\000t\000i\000o\000n}{section.7.6}% 237
\BOOKMARK [3][-]{subsubsection.7.6.2.1}{\376\377\0007\000.\0006\000.\0002\000.\0001\000\040\000\137\000\137\000i\000n\000i\000t\000\137\000\137\000\050\000\051}{subsection.7.6.2}% 238
\BOOKMARK [2][-]{subsection.7.6.3}{\376\377\0007\000.\0006\000.\0003\000\040\000M\000e\000m\000b\000e\000r\000\040\000D\000a\000t\000a\000\040\000D\000o\000c\000u\000m\000e\000n\000t\000a\000t\000i\000o\000n}{section.7.6}% 239
\BOOKMARK [3][-]{subsubsection.7.6.3.1}{\376\377\0007\000.\0006\000.\0003\000.\0001\000\040\000c\000a\000l\000c\000W\000e\000i\000g\000h\000t\000s\000G\000a\000u\000s\000s}{subsection.7.6.3}% 240
\BOOKMARK [3][-]{subsubsection.7.6.3.2}{\376\377\0007\000.\0006\000.\0003\000.\0002\000\040\000g\000a\000u\000\337\000L\000e\000g\000e\000n\000d\000r\000e}{subsection.7.6.3}% 241
\BOOKMARK [3][-]{subsubsection.7.6.3.3}{\376\377\0007\000.\0006\000.\0003\000.\0003\000\040\000m\000a\000t\000E\000l\000e\000m\000e\000n\000t\000s\000S\000h\000o\000u\000l\000d\000G\000e\000t\000V\000a\000l\000u\000e}{subsection.7.6.3}% 242
\BOOKMARK [3][-]{subsubsection.7.6.3.4}{\376\377\0007\000.\0006\000.\0003\000.\0004\000\040\000r\000e\000d\000u\000c\000e\000d\000S\000F}{subsection.7.6.3}% 243
\BOOKMARK [0][-]{chapter.8}{\376\377\0008\000\040\000F\000i\000l\000e\000\040\000D\000o\000c\000u\000m\000e\000n\000t\000a\000t\000i\000o\000n}{}% 244
\BOOKMARK [1][-]{section.8.1}{\376\377\0008\000.\0001\000\040\000m\000a\000i\000n\000.\000p\000y\000\040\000F\000i\000l\000e\000\040\000R\000e\000f\000e\000r\000e\000n\000c\000e}{chapter.8}% 245
\BOOKMARK [1][-]{section.8.2}{\376\377\0008\000.\0002\000\040\000m\000a\000i\000n\000.\000p\000y}{chapter.8}% 246
\BOOKMARK [1][-]{section.8.3}{\376\377\0008\000.\0003\000\040\000R\000E\000A\000D\000M\000E\000.\000m\000d\000\040\000F\000i\000l\000e\000\040\000R\000e\000f\000e\000r\000e\000n\000c\000e}{chapter.8}% 247
\BOOKMARK [1][-]{section.8.4}{\376\377\0008\000.\0004\000\040\000s\000h\000o\000w\000S\000T\000L\000M\000e\000s\000h\000.\000p\000y\000\040\000F\000i\000l\000e\000\040\000R\000e\000f\000e\000r\000e\000n\000c\000e}{chapter.8}% 248
\BOOKMARK [1][-]{section.8.5}{\376\377\0008\000.\0005\000\040\000s\000h\000o\000w\000S\000T\000L\000M\000e\000s\000h\000.\000p\000y}{chapter.8}% 249
\BOOKMARK [1][-]{section.8.6}{\376\377\0008\000.\0006\000\040\000s\000u\000b\000f\000u\000n\000c\000t\000i\000o\000n\000s\000/\000c\000a\000l\000c\000C\000o\000n\000t\000o\000u\000r\000s\000B\000y\000T\000r\000i\000a\000n\000g\000u\000l\000a\000r\000P\000o\000t\000e\000n\000t\000i\000a\000l\000C\000u\000t\000s\000.\000p\000y\000\040\000F\000i\000l\000e\000\040\000R\000e\000f\000e\000r\000e\000n\000c\000e}{chapter.8}% 250
\BOOKMARK [1][-]{section.8.7}{\376\377\0008\000.\0007\000\040\000c\000a\000l\000c\000C\000o\000n\000t\000o\000u\000r\000s\000B\000y\000T\000r\000i\000a\000n\000g\000u\000l\000a\000r\000P\000o\000t\000e\000n\000t\000i\000a\000l\000C\000u\000t\000s\000.\000p\000y}{chapter.8}% 251
\BOOKMARK [1][-]{section.8.8}{\376\377\0008\000.\0008\000\040\000s\000u\000b\000f\000u\000n\000c\000t\000i\000o\000n\000s\000/\000c\000a\000l\000c\000P\000o\000t\000e\000n\000t\000i\000a\000l\000L\000e\000v\000e\000l\000s\000.\000p\000y\000\040\000F\000i\000l\000e\000\040\000R\000e\000f\000e\000r\000e\000n\000c\000e}{chapter.8}% 252
\BOOKMARK [1][-]{section.8.9}{\376\377\0008\000.\0009\000\040\000c\000a\000l\000c\000P\000o\000t\000e\000n\000t\000i\000a\000l\000L\000e\000v\000e\000l\000s\000.\000p\000y}{chapter.8}% 253
\BOOKMARK [1][-]{section.8.10}{\376\377\0008\000.\0001\0000\000\040\000s\000u\000b\000f\000u\000n\000c\000t\000i\000o\000n\000s\000/\000d\000e\000f\000i\000n\000e\000T\000a\000r\000g\000e\000t\000F\000i\000e\000l\000d\000.\000p\000y\000\040\000F\000i\000l\000e\000\040\000R\000e\000f\000e\000r\000e\000n\000c\000e}{chapter.8}% 254
\BOOKMARK [1][-]{section.8.11}{\376\377\0008\000.\0001\0001\000\040\000d\000e\000f\000i\000n\000e\000T\000a\000r\000g\000e\000t\000F\000i\000e\000l\000d\000.\000p\000y}{chapter.8}% 255
\BOOKMARK [1][-]{section.8.12}{\376\377\0008\000.\0001\0002\000\040\000s\000u\000b\000f\000u\000n\000c\000t\000i\000o\000n\000s\000/\000r\000e\000a\000d\000M\000e\000s\000h\000.\000p\000y\000\040\000F\000i\000l\000e\000\040\000R\000e\000f\000e\000r\000e\000n\000c\000e}{chapter.8}% 256
\BOOKMARK [1][-]{section.8.13}{\376\377\0008\000.\0001\0003\000\040\000r\000e\000a\000d\000M\000e\000s\000h\000.\000p\000y}{chapter.8}% 257
\BOOKMARK [1][-]{section.8.14}{\376\377\0008\000.\0001\0004\000\040\000s\000u\000b\000f\000u\000n\000c\000t\000i\000o\000n\000s\000/\000r\000e\000s\000i\000s\000t\000a\000n\000c\000e\000M\000a\000t\000r\000i\000x\000.\000p\000y\000\040\000F\000i\000l\000e\000\040\000R\000e\000f\000e\000r\000e\000n\000c\000e}{chapter.8}% 258
\BOOKMARK [1][-]{section.8.15}{\376\377\0008\000.\0001\0005\000\040\000r\000e\000s\000i\000s\000t\000a\000n\000c\000e\000M\000a\000t\000r\000i\000x\000.\000p\000y}{chapter.8}% 259
\BOOKMARK [1][-]{section.8.16}{\376\377\0008\000.\0001\0006\000\040\000s\000u\000b\000f\000u\000n\000c\000t\000i\000o\000n\000s\000/\000s\000e\000n\000s\000i\000t\000i\000v\000i\000t\000y\000M\000a\000t\000r\000i\000x\000.\000p\000y\000\040\000F\000i\000l\000e\000\040\000R\000e\000f\000e\000r\000e\000n\000c\000e}{chapter.8}% 260
\BOOKMARK [1][-]{section.8.17}{\376\377\0008\000.\0001\0007\000\040\000s\000e\000n\000s\000i\000t\000i\000v\000i\000t\000y\000M\000a\000t\000r\000i\000x\000.\000p\000y}{chapter.8}% 261
\BOOKMARK [1][-]{section.8.18}{\376\377\0008\000.\0001\0008\000\040\000s\000u\000b\000f\000u\000n\000c\000t\000i\000o\000n\000s\000/\000s\000t\000r\000e\000a\000m\000F\000u\000n\000c\000t\000i\000o\000n\000O\000p\000t\000i\000m\000i\000z\000a\000t\000i\000o\000n\000.\000p\000y\000\040\000F\000i\000l\000e\000\040\000R\000e\000f\000e\000r\000e\000n\000c\000e}{chapter.8}% 262
\BOOKMARK [1][-]{section.8.19}{\376\377\0008\000.\0001\0009\000\040\000s\000t\000r\000e\000a\000m\000F\000u\000n\000c\000t\000i\000o\000n\000O\000p\000t\000i\000m\000i\000z\000a\000t\000i\000o\000n\000.\000p\000y}{chapter.8}% 263
\BOOKMARK [1][-]{section.8.20}{\376\377\0008\000.\0002\0000\000\040\000s\000u\000b\000f\000u\000n\000c\000t\000i\000o\000n\000s\000/\000t\000e\000s\000t\000C\000a\000s\000e\000.\000p\000y\000\040\000F\000i\000l\000e\000\040\000R\000e\000f\000e\000r\000e\000n\000c\000e}{chapter.8}% 264
\BOOKMARK [1][-]{section.8.21}{\376\377\0008\000.\0002\0001\000\040\000t\000e\000s\000t\000C\000a\000s\000e\000.\000p\000y}{chapter.8}% 265
\BOOKMARK [1][-]{section.8.22}{\376\377\0008\000.\0002\0002\000\040\000s\000u\000b\000f\000u\000n\000c\000t\000i\000o\000n\000s\000/\000T\000e\000s\000t\000e\000r\000.\000p\000y\000\040\000F\000i\000l\000e\000\040\000R\000e\000f\000e\000r\000e\000n\000c\000e}{chapter.8}% 266
\BOOKMARK [1][-]{section.8.23}{\376\377\0008\000.\0002\0003\000\040\000T\000e\000s\000t\000e\000r\000.\000p\000y}{chapter.8}% 267
\BOOKMARK [0][-]{section*.60}{\376\377\000I\000n\000d\000e\000x}{}% 268
